DovizAlarm/app/seeds.txt
com.doviz.alarm.BaseActivity
com.doviz.alarm.BaseActivity: BaseActivity()
com.doviz.alarm.BaseFragment
com.doviz.alarm.BuildConfig
com.doviz.alarm.DovizAlarmReceiver
com.doviz.alarm.DovizAlarmReceiver: DovizAlarmReceiver()
com.doviz.alarm.DovizAlarmService
com.doviz.alarm.DovizAlarmService: DovizAlarmService()
com.doviz.alarm.DovizAlarmService$1
com.doviz.alarm.DovizAlarmService$2
com.doviz.alarm.DovizAlarmService$3
com.doviz.alarm.DovizAlarmService$3$1
com.doviz.alarm.DovizAlarmService$4
com.doviz.alarm.MainActivity
com.doviz.alarm.MainActivity: MainActivity()
com.doviz.alarm.MainFragment
com.doviz.alarm.MainFragment: android.widget.TextView mTvDolarAlis
com.doviz.alarm.MainFragment: android.widget.TextView mTvDolarSatis
com.doviz.alarm.MainFragment: android.widget.TextView mTvEuroAlis
com.doviz.alarm.MainFragment: android.widget.TextView mTvEuroSatis
com.doviz.alarm.MainFragment: android.widget.TextView mTvAltinAlis
com.doviz.alarm.MainFragment: android.widget.TextView mTvAltinSatis
com.doviz.alarm.MainFragment: android.widget.TextView mTvGuncelleme
com.doviz.alarm.MainFragment: android.widget.TextView mTvDolarAlisalarm
com.doviz.alarm.MainFragment: android.widget.TextView mTvDolarSatisalarm
com.doviz.alarm.MainFragment: android.widget.TextView mTvEuroAlisalarm
com.doviz.alarm.MainFragment: android.widget.TextView mTvEuroSatisalarm
com.doviz.alarm.MainFragment: android.widget.CheckBox mChckAlarm
com.doviz.alarm.MainFragment: android.widget.CheckBox mChckAlarm5dk
com.doviz.alarm.MainFragment: android.widget.CheckBox mChckAlarm15dk
com.doviz.alarm.MainFragment: android.widget.CheckBox mChckAlarm30dk
com.doviz.alarm.MainFragment: android.widget.CheckBox mChckAlarm60dk
com.doviz.alarm.MainFragment$$ViewInjector
com.doviz.alarm.MainFragment$$ViewInjector: MainFragment$$ViewInjector()
com.doviz.alarm.MainFragment$$ViewInjector: void inject(butterknife.ButterKnife$Finder,com.doviz.alarm.MainFragment,java.lang.Object)
com.doviz.alarm.MainFragment$$ViewInjector: void reset(com.doviz.alarm.MainFragment)
com.doviz.alarm.MainFragment$$ViewInjector: void reset(java.lang.Object)
com.doviz.alarm.MainFragment$$ViewInjector: void inject(butterknife.ButterKnife$Finder,java.lang.Object,java.lang.Object)
com.doviz.alarm.MainFragment$$ViewInjector$1
com.doviz.alarm.MainFragment$1
com.doviz.alarm.MainFragment$2
com.doviz.alarm.MainFragment$3
com.doviz.alarm.MainFragment$4
com.doviz.alarm.MainFragment$5
com.doviz.alarm.MainFragment$6
com.doviz.alarm.MainFragment$7
com.doviz.alarm.MainFragment$7$1
com.doviz.alarm.MainFragment$8
com.doviz.alarm.MainFragment$MyTimerTask
com.doviz.alarm.R
com.doviz.alarm.R$anim
com.doviz.alarm.R$anim: int abc_fade_in
com.doviz.alarm.R$anim: int abc_fade_out
com.doviz.alarm.R$anim: int abc_slide_in_bottom
com.doviz.alarm.R$anim: int abc_slide_in_top
com.doviz.alarm.R$anim: int abc_slide_out_bottom
com.doviz.alarm.R$anim: int abc_slide_out_top
com.doviz.alarm.R$anim: int bottom_enter
com.doviz.alarm.R$anim: int bottom_exit
com.doviz.alarm.R$anim: int dialog_main_hide_amination
com.doviz.alarm.R$anim: int dialog_main_show_amination
com.doviz.alarm.R$anim: int dialog_root_hide_amin
com.doviz.alarm.R$anim: int dialog_root_show_amin
com.doviz.alarm.R$anim: int left_enter
com.doviz.alarm.R$anim: int left_exit
com.doviz.alarm.R$anim: int progress_indeterminate_animation
com.doviz.alarm.R$anim: int right_enter
com.doviz.alarm.R$anim: int right_exit
com.doviz.alarm.R$anim: int snackbar_hide_animation
com.doviz.alarm.R$anim: int snackbar_show_animation
com.doviz.alarm.R$anim: int top_enter
com.doviz.alarm.R$anim: int top_exit
com.doviz.alarm.R$anim: int wait
...
android.support.v7.internal.widget.FitWindowsViewGroup$OnFitSystemWindowsListener
android.support.v7.internal.widget.ListViewCompat
android.support.v7.internal.widget.ListViewCompat: ListViewCompat(android.content.Context,android.util.AttributeSet)
android.support.v7.internal.widget.ListViewCompat: ListViewCompat(android.content.Context,android.util.AttributeSet,int)
android.support.v7.internal.widget.ListViewCompat: void setSelector(android.graphics.drawable.Drawable)
android.support.v7.internal.widget.ListViewCompat: void setSelectorEnabled(boolean)
android.support.v7.internal.widget.ListViewCompat$GateKeeperDrawable
android.support.v7.internal.widget.NativeActionModeAwareLayout
android.support.v7.internal.widget.NativeActionModeAwareLayout: NativeActionModeAwareLayout(android.content.Context,android.util.AttributeSet)
android.support.v7.internal.widget.NativeActionModeAwareLayout: void setActionModeForChildListener(android.support.v7.internal.widget.NativeActionModeAwareLayout$OnActionModeForChildListener)
android.support.v7.internal.widget.NativeActionModeAwareLayout$OnActionModeForChildListener
android.support.v7.internal.widget.RtlSpacingHelper
android.support.v7.internal.widget.ScrollingTabContainerView
android.support.v7.internal.widget.ScrollingTabContainerView: void setAllowCollapse(boolean)
android.support.v7.internal.widget.ScrollingTabContainerView: void setTabSelected(int)
android.support.v7.internal.widget.ScrollingTabContainerView: void setContentHeight(int)
android.support.v7.internal.widget.ScrollingTabContainerView$1
android.support.v7.internal.widget.ScrollingTabContainerView$TabAdapter
android.support.v7.internal.widget.ScrollingTabContainerView$TabClickListener
android.support.v7.internal.widget.ScrollingTabContainerView$TabView
android.support.v7.internal.widget.ScrollingTabContainerView$VisibilityAnimListener
android.support.v7.internal.widget.SpinnerCompat
android.support.v7.internal.widget.SpinnerCompat$1
android.support.v7.internal.widget.SpinnerCompat$2
android.support.v7.internal.widget.SpinnerCompat$DialogPopup
android.support.v7.internal.widget.SpinnerCompat$DropDownAdapter
android.support.v7.internal.widget.SpinnerCompat$DropdownPopup
android.support.v7.internal.widget.SpinnerCompat$DropdownPopup$1
android.support.v7.internal.widget.SpinnerCompat$DropdownPopup$2
android.support.v7.internal.widget.SpinnerCompat$DropdownPopup$3
android.support.v7.internal.widget.SpinnerCompat$SavedState
android.support.v7.internal.widget.SpinnerCompat$SavedState: android.os.Parcelable$Creator CREATOR
android.support.v7.internal.widget.SpinnerCompat$SavedState$1
android.support.v7.internal.widget.SpinnerCompat$SpinnerPopup
android.support.v7.internal.widget.TintCheckBox
android.support.v7.internal.widget.TintCheckBox: TintCheckBox(android.content.Context,android.util.AttributeSet)
android.support.v7.internal.widget.TintCheckBox: TintCheckBox(android.content.Context,android.util.AttributeSet,int)
android.support.v7.internal.widget.TintCheckBox: void setButtonDrawable(int)
android.support.v7.internal.widget.TintCheckedTextView
android.support.v7.internal.widget.TintCheckedTextView: TintCheckedTextView(android.content.Context,android.util.AttributeSet)
android.support.v7.internal.widget.TintCheckedTextView: TintCheckedTextView(android.content.Context,android.util.AttributeSet,int)
android.support.v7.internal.widget.TintCheckedTextView: void setCheckMarkDrawable(int)
android.support.v7.internal.widget.TintDrawableWrapper
android.support.v7.internal.widget.TintEditText
android.support.v7.internal.widget.TintEditText: TintEditText(android.content.Context,android.util.AttributeSet)
android.support.v7.internal.widget.TintEditText: TintEditText(android.content.Context,android.util.AttributeSet,int)