DovizAlarm/app/mapping.txt
com.doviz.alarm.BaseActivity -> com.doviz.alarm.BaseActivity:
    12:14:void onStart() -> onStart
com.doviz.alarm.BaseFragment -> com.doviz.alarm.BaseFragment:
    13:15:void onDestroyView() -> onDestroyView
com.doviz.alarm.DovizAlarmReceiver -> com.doviz.alarm.DovizAlarmReceiver:
    20:26:void onReceive(android.content.Context,android.content.Intent) -> onReceive
    29:46:void sendNotification(java.lang.String,android.content.Context) -> a
com.doviz.alarm.DovizAlarmService -> com.doviz.alarm.DovizAlarmService:
    java.util.Timer timer -> a
    android.os.Handler handler -> b
    com.doviz.alarm.SharedPref shrp -> c
    java.lang.String notficationMessage -> d
    long LOOP_TIME -> e
    com.android.volley.RequestQueue rq -> h
    com.android.volley.toolbox.JsonObjectRequest jReq -> f
    java.lang.String DOVIZ_URL -> g
    43:43:android.os.IBinder onBind(android.content.Intent) -> onBind
    48:59:void onCreate() -> onCreate
    62:68:void bilgiVer() -> c
    72:74:void onDestroy() -> onDestroy
    85:129:void refreshRequest() -> a
    132:167:void alarmControl(java.lang.String,java.lang.String,boolean) -> a
    171:178:void callAlarmManager(java.lang.String) -> a
    181:185:boolean internetConnectionCheck() -> b
    33:33:void access$000(com.doviz.alarm.DovizAlarmService) -> a
    33:33:void access$100(com.doviz.alarm.DovizAlarmService,java.lang.String,java.lang.String,boolean) -> a
    33:33:void access$200(com.doviz.alarm.DovizAlarmService,java.lang.String) -> a
com.doviz.alarm.DovizAlarmService$1 -> com.doviz.alarm.DovizAlarmService$1:
    com.doviz.alarm.DovizAlarmService this$0 -> a
    56:57:void run() -> run
com.doviz.alarm.DovizAlarmService$2 -> com.doviz.alarm.DovizAlarmService$2:
    com.doviz.alarm.DovizAlarmService this$0 -> a
    65:66:void run() -> run
com.doviz.alarm.DovizAlarmService$3 -> com.doviz.alarm.DovizAlarmService$3:
    com.doviz.alarm.DovizAlarmService this$0 -> a
    92:114:void onResponse(org.json.JSONObject) -> a
    88:88:void onResponse(java.lang.Object) -> a
com.doviz.alarm.DovizAlarmService$3$1 -> com.doviz.alarm.DovizAlarmService$3$1:
    com.doviz.alarm.DovizAlarmService$3 this$1 -> a
com.doviz.alarm.DovizAlarmService$4 -> com.doviz.alarm.DovizAlarmService$4:
    com.doviz.alarm.DovizAlarmService this$0 -> a
    123:124:void onErrorResponse(com.android.volley.VolleyError) -> a
com.doviz.alarm.MainActivity -> com.doviz.alarm.MainActivity:
    android.support.v4.app.FragmentManager fm -> a
    android.support.v4.app.FragmentTransaction ft -> b
    19:23:void onCreate(android.os.Bundle) -> onCreate
    27:29:void onStart() -> onStart
    33:34:void onPause() -> onPause
    38:39:void onResume() -> onResume
    42:45:void replaceFragment(com.doviz.alarm.BaseFragment) -> a
    48:52:boolean internetConnectionCheck() -> d
    57:59:void onBackPressed() -> onBackPressed
...
android.support.v4.app.NotificationCompat$BigTextStyle -> android.support.v4.app.NotificationCompat$BigTextStyle:
    java.lang.CharSequence mBigText -> mBigText
    1679:1680:android.support.v4.app.NotificationCompat$BigTextStyle setBigContentTitle(java.lang.CharSequence) -> setBigContentTitle
    1687:1689:android.support.v4.app.NotificationCompat$BigTextStyle setSummaryText(java.lang.CharSequence) -> setSummaryText
    1697:1698:android.support.v4.app.NotificationCompat$BigTextStyle bigText(java.lang.CharSequence) -> bigText
android.support.v4.app.NotificationCompat$Builder -> android.support.v4.app.NotificationCompat$Builder:
    int MAX_CHARSEQUENCE_LENGTH -> MAX_CHARSEQUENCE_LENGTH
    android.content.Context mContext -> mContext
    java.lang.CharSequence mContentTitle -> mContentTitle
    java.lang.CharSequence mContentText -> mContentText
    android.app.PendingIntent mContentIntent -> mContentIntent
    android.app.PendingIntent mFullScreenIntent -> mFullScreenIntent
    android.widget.RemoteViews mTickerView -> mTickerView
    android.graphics.Bitmap mLargeIcon -> mLargeIcon
    java.lang.CharSequence mContentInfo -> mContentInfo
    int mNumber -> mNumber
    int mPriority -> mPriority
    boolean mShowWhen -> mShowWhen
    boolean mUseChronometer -> mUseChronometer
    android.support.v4.app.NotificationCompat$Style mStyle -> mStyle
    java.lang.CharSequence mSubText -> mSubText
    int mProgressMax -> mProgressMax
    int mProgress -> mProgress
    boolean mProgressIndeterminate -> mProgressIndeterminate
    java.lang.String mGroupKey -> mGroupKey
    boolean mGroupSummary -> mGroupSummary
    java.lang.String mSortKey -> mSortKey
    java.util.ArrayList mActions -> mActions
    boolean mLocalOnly -> mLocalOnly
    java.lang.String mCategory -> mCategory
    android.os.Bundle mExtras -> mExtras
    int mColor -> mColor
    int mVisibility -> mVisibility
    android.app.Notification mPublicVersion -> mPublicVersion
    android.app.Notification mNotification -> mNotification
android.support.v4.app.NotificationCompat$CarExtender -> android.support.v4.app.NotificationCompat$CarExtender:
    java.lang.String TAG -> TAG
    java.lang.String EXTRA_CAR_EXTENDER -> EXTRA_CAR_EXTENDER
    java.lang.String EXTRA_LARGE_ICON -> EXTRA_LARGE_ICON
    java.lang.String EXTRA_CONVERSATION -> EXTRA_CONVERSATION
    java.lang.String EXTRA_COLOR -> EXTRA_COLOR
    android.graphics.Bitmap mLargeIcon -> mLargeIcon
    android.support.v4.app.NotificationCompat$CarExtender$UnreadConversation mUnreadConversation -> mUnreadConversation
    int mColor -> mColor
    2951:2970:android.support.v4.app.NotificationCompat$Builder extend(android.support.v4.app.NotificationCompat$Builder) -> extend
    2982:2983:android.support.v4.app.NotificationCompat$CarExtender setColor(int) -> setColor
    2992:2992:int getColor() -> getColor
    3005:3006:android.support.v4.app.NotificationCompat$CarExtender setLargeIcon(android.graphics.Bitmap) -> setLargeIcon
    3016:3016:android.graphics.Bitmap getLargeIcon() -> getLargeIcon
    3026:3027:android.support.v4.app.NotificationCompat$CarExtender setUnreadConversation(android.support.v4.app.NotificationCompat$CarExtender$UnreadConversation) -> setUnreadConversation
    3035:3035:android.support.v4.app.NotificationCompat$CarExtender$UnreadConversation getUnreadConversation() -> getUnreadConversation