DovizAlarm/app/unused.txt
com.doviz.alarm.BuildConfig
com.doviz.alarm.MainFragment:
    395:410:public void serviceStartStop()
com.doviz.alarm.R
com.doviz.alarm.R$anim
com.doviz.alarm.R$attr
com.doviz.alarm.R$bool
com.doviz.alarm.R$color
com.doviz.alarm.R$dimen
com.doviz.alarm.R$drawable
com.doviz.alarm.R$id
com.doviz.alarm.R$integer
com.doviz.alarm.R$layout
com.doviz.alarm.R$string
com.doviz.alarm.R$style
com.doviz.alarm.R$styleable
com.doviz.alarm.response.DovizResponse:
    public java.lang.String ddolar
    public java.lang.String deuro
    public java.lang.String ddolar2
    public java.lang.String deuro2
    public java.lang.String sonkayit
...
android.support.v4.graphics.BitmapCompatJellybeanMR2
android.support.v4.graphics.BitmapCompatKitKat
android.support.v4.graphics.drawable.DrawableCompat:
    28:109:public DrawableCompat()
android.support.v4.graphics.drawable.DrawableCompatHoneycomb:
    24:24:DrawableCompatHoneycomb()
android.support.v4.graphics.drawable.DrawableCompatKitKat:
    24:24:DrawableCompatKitKat()
android.support.v4.graphics.drawable.DrawableCompatL:
    26:26:DrawableCompatL()
android.support.v4.graphics.drawable.RoundedBitmapDrawable
android.support.v4.graphics.drawable.RoundedBitmapDrawable21
android.support.v4.graphics.drawable.RoundedBitmapDrawableFactory
android.support.v4.graphics.drawable.RoundedBitmapDrawableFactory$DefaultRoundedBitmapDrawable
android.support.v4.hardware.display.DisplayManagerCompat
android.support.v4.hardware.display.DisplayManagerCompat$JellybeanMr1Impl
android.support.v4.hardware.display.DisplayManagerCompat$LegacyImpl
android.support.v4.hardware.display.DisplayManagerJellybeanMr1
android.support.v4.internal.view.SupportMenu:
    public static final int USER_MASK
    public static final int USER_SHIFT
    public static final int CATEGORY_MASK
    public static final int CATEGORY_SHIFT
android.support.v4.internal.view.SupportMenuItem:
    public static final int SHOW_AS_ACTION_NEVER
    public static final int SHOW_AS_ACTION_IF_ROOM
    public static final int SHOW_AS_ACTION_ALWAYS
    public static final int SHOW_AS_ACTION_WITH_TEXT
    public static final int SHOW_AS_ACTION_COLLAPSE_ACTION_VIEW
android.support.v4.media.MediaMetadataCompat:
    private static final java.lang.String TAG
    public static final java.lang.String METADATA_KEY_TITLE
    public static final java.lang.String METADATA_KEY_ARTIST
    public static final java.lang.String METADATA_KEY_DURATION
    public static final java.lang.String METADATA_KEY_ALBUM
    public static final java.lang.String METADATA_KEY_AUTHOR
    public static final java.lang.String METADATA_KEY_WRITER
    public static final java.lang.String METADATA_KEY_COMPOSER
    public static final java.lang.String METADATA_KEY_COMPILATION
    public static final java.lang.String METADATA_KEY_DATE
    public static final java.lang.String METADATA_KEY_YEAR
    public static final java.lang.String METADATA_KEY_GENRE
    public static final java.lang.String METADATA_KEY_TRACK_NUMBER
    public static final java.lang.String METADATA_KEY_NUM_TRACKS
    public static final java.lang.String METADATA_KEY_DISC_NUMBER
    public static final java.lang.String METADATA_KEY_ALBUM_ARTIST
    public static final java.lang.String METADATA_KEY_ART
    public static final java.lang.String METADATA_KEY_ART_URI
    public static final java.lang.String METADATA_KEY_ALBUM_ART
    public static final java.lang.String METADATA_KEY_ALBUM_ART_URI
    public static final java.lang.String METADATA_KEY_USER_RATING
    public static final java.lang.String METADATA_KEY_RATING
    public static final java.lang.String METADATA_KEY_DISPLAY_TITLE
android.support.v4.media.MediaMetadataCompat$Builder
android.support.v4.media.MediaMetadataCompatApi21
android.support.v4.media.MediaMetadataCompatApi21$Builder